
AMLP MUD DRIVER - BUILD IN PROGRESS
 [*] [ 1/34] Compiling driver.c
 [*] [ 2/34] Compiling server.c
 [*] [ 3/34] Compiling lexer.c
 [*] [ 4/34] Compiling parser.c
 [*] [ 5/34] Compiling vm.c
 [*] [ 6/34] Compiling codegen.c
 [*] [ 7/34] Compiling object.c
 [*] [ 8/34] Compiling vm_trace.c
 [*] [ 9/34] Compiling gc.c
 [*] [10/34] Compiling efun.c
 [*] [11/34] Compiling array.c
 [*] [12/34] Compiling mapping.c
 [*] [13/34] Compiling compiler.c
 [*] [14/34] Compiling program.c
 [*] [15/34] Compiling simul_efun.c
 [*] [16/34] Compiling program_loader.c
 [*] [17/34] Compiling preprocessor.c
 [*] [18/34] Compiling master_object.c
 [*] [19/34] Compiling terminal_ui.c
 [*] [20/34] Compiling websocket.c
 [*] [21/34] Compiling session.c
 [*] [22/34] Compiling room.c
 [*] [23/34] Compiling chargen.c
 [*] [24/34] Compiling skills.c
 [*] [25/34] Compiling combat.c
 [*] [26/34] Compiling item.c
 [*] [27/34] Compiling psionics.c
 [*] [28/34] Compiling magic.c
 [*] [29/34] Compiling wiz_tools.c
 [*] [30/34] Compiling race_loader.c
 [*] [31/34] Compiling ui_frames.c
 [*] [32/34] Compiling death.c
 [*] [33/34] Compiling npc.c
 [*] [34/34] Compiling password.c

[LINK] Creating driver executable...
BUILD SUCCESSFUL
Files compiled: 34
Warnings:       0
Errors:         0

