gmake main_build2
gmake[1]: Entering directory '/home/thurtea/amlp-aethermud/mud-references/deadsouls/ds3.9/ds3.9/fluffos-2.23-ds03'
gcc -D__USE_FIXED_PROTOTYPES__ -O2 -o obj/qsort.o -c qsort.c
gcc -D__USE_FIXED_PROTOTYPES__ -O2 -o obj/eoperators.o -c eoperators.c
gcc -D__USE_FIXED_PROTOTYPES__ -O2 -o obj/socket_err.o -c socket_err.c
gcc -D__USE_FIXED_PROTOTYPES__ -O2 -o obj/md.o -c md.c
gcc -D__USE_FIXED_PROTOTYPES__ -O2 -o obj/disassembler.o -c disassembler.c
gcc -D__USE_FIXED_PROTOTYPES__ -O2 -o obj/uvalarm.o -c uvalarm.c
gcc -D__USE_FIXED_PROTOTYPES__ -O2 -o obj/replace_program.o -c replace_program.c
gcc -D__USE_FIXED_PROTOTYPES__ -O2 -o obj/master.o -c master.c
master.c: In function ‘get_master_applies’:
master.c:76:22: warning: initialization discards ‘const’ qualifier from pointer target type [-Wdiscarded-qualifiers]
   76 |         char *name = applies_table[i];
      |                      ^~~~~~~~~~~~~
gcc -D__USE_FIXED_PROTOTYPES__ -O2 -o obj/function.o -c function.c
gcc -D__USE_FIXED_PROTOTYPES__ -O2 -o obj/debug.o -c debug.c
gcc -D__USE_FIXED_PROTOTYPES__ -O2 -o obj/crypt.o -c crypt.c
gcc -D__USE_FIXED_PROTOTYPES__ -O2 -o obj/applies_table.o -c applies_table.c
gcc -D__USE_FIXED_PROTOTYPES__ -O2 -o obj/add_action.o -c add_action.c
gcc -D__USE_FIXED_PROTOTYPES__ -O2 -o obj/eval.o -c eval.c
gcc -D__USE_FIXED_PROTOTYPES__ -O2 -o obj/fliconv.o -c fliconv.c
gcc -D__USE_FIXED_PROTOTYPES__ -O2 -o obj/console.o -c console.c
gcc dtrace_compile.c -o dtrace_compile
mv -f driver driver.old
mv: cannot stat 'driver': No such file or directory
gmake[1]: [GNUmakefile:113: driver] Error 1 (ignored)
gcc -D__USE_FIXED_PROTOTYPES__ -O2 obj/grammar.tab.o obj/lex.o obj/main.o obj/rc.o obj/interpret.o obj/simulate.o obj/file.o obj/object.o obj/backend.o obj/array.o obj/mapping.o obj/comm.o obj/ed.o obj/regexp.o obj/buffer.o obj/crc32.o obj/malloc.o obj/mallocwrapper.o obj/class.o obj/efuns_main.o obj/efuns_port.o obj/call_out.o obj/otable.o obj/dumpstat.o obj/stralloc.o obj/hash.o obj/port.o obj/reclaim.o obj/parse.o obj/simul_efun.o obj/sprintf.o obj/program.o obj/compiler.o obj/avltree.o obj/icode.o obj/trees.o obj/generate.o obj/scratchpad.o obj/socket_efuns.o obj/socket_ctrl.o obj/qsort.o obj/eoperators.o obj/socket_err.o obj/md.o obj/disassembler.o obj/uvalarm.o obj/replace_program.o obj/master.o obj/function.o obj/debug.o obj/crypt.o obj/applies_table.o obj/add_action.o obj/eval.o obj/fliconv.o obj/console.o `./dtrace_compile` -o driver packages/packages.a  `cat system_libs`
gcc -D__USE_FIXED_PROTOTYPES__ -O2 -o obj/addr_server.o -c addr_server.c
gcc -D__USE_FIXED_PROTOTYPES__ -O2 obj/socket_ctrl.o obj/addr_server.o obj/port.o \
-o addr_server `cat system_libs`
gcc -D__USE_FIXED_PROTOTYPES__ -O2 -o obj/portbind.o -c portbind.c
gcc -D__USE_FIXED_PROTOTYPES__ -O2 obj/portbind.o -o portbind `cat system_libs`
gmake[1]: Leaving directory '/home/thurtea/amlp-aethermud/mud-references/deadsouls/ds3.9/ds3.9/fluffos-2.23-ds03'
